
test/testcases/benchmarks/binary_tree/test/input1.txt 1199.0624 144
test/testcases/benchmarks/binary_tree/test/input2.txt 2381.328 144
test/testcases/benchmarks/binary_tree/test/input3.txt 37505.8208 1176
test/testcases/benchmarks/binary_tree/test/input4.txt 615755.92 14136
test/testcases/benchmarks/binary_tree/test/input5.txt 1749026290.9603 1660152
test/testcases/benchmarks/bitcount1/test/input1.txt 84.224 0
test/testcases/benchmarks/bitcount1/test/input2.txt 481.136 0
test/testcases/benchmarks/bitcount1/test/input3.txt 144.2336 0
test/testcases/benchmarks/bitcount1/test/input4.txt 14.4384 0
test/testcases/benchmarks/bitcount1/test/input5.txt 40.8704 0
test/testcases/benchmarks/bitcount2/test/input1.txt 85.8368 0
test/testcases/benchmarks/bitcount2/test/input2.txt 488.4752 0
test/testcases/benchmarks/bitcount2/test/input3.txt 146.736 0
test/testcases/benchmarks/bitcount2/test/input4.txt 15.2384 0
test/testcases/benchmarks/bitcount2/test/input5.txt 41.8704 0
test/testcases/benchmarks/bitcount3/test/input1.txt 47.3024 0
test/testcases/benchmarks/bitcount3/test/input2.txt 313.376 0
test/testcases/benchmarks/bitcount3/test/input3.txt 87.3344 0
test/testcases/benchmarks/bitcount3/test/input4.txt 14.432 0
test/testcases/benchmarks/bitcount3/test/input5.txt 39.2704 0
test/testcases/benchmarks/bitcount4/test/input1.txt 1517.2288 0
test/testcases/benchmarks/bitcount4/test/input2.txt 1517.0256 0
test/testcases/benchmarks/bitcount4/test/input3.txt 1517.2288 0
test/testcases/benchmarks/bitcount4/test/input4.txt 1517.2288 0
test/testcases/benchmarks/bitcount4/test/input5.txt 1517.2288 0
test/testcases/benchmarks/bitcount5/test/input1.txt 60.248 0
test/testcases/benchmarks/bitcount5/test/input2.txt 149.848 0
test/testcases/benchmarks/bitcount5/test/input3.txt 73.0512 0
test/testcases/benchmarks/bitcount5/test/input4.txt 47.448 0
test/testcases/benchmarks/bitcount5/test/input5.txt 60.248 0
test/testcases/benchmarks/bubble_sort/test/input1.txt 2640.9088 0
test/testcases/benchmarks/bubble_sort/test/input2.txt 217995.9264 0
test/testcases/benchmarks/bubble_sort/test/input3.txt 41963047.687 8000
test/testcases/benchmarks/collatz/test/input1.txt 18.8448 0
test/testcases/benchmarks/collatz/test/input2.txt 18.8448 0
test/testcases/benchmarks/gcd/test/input1.txt 41.3088 0
test/testcases/benchmarks/gcd/test/input2.txt 79.0112 0
test/testcases/benchmarks/gcd/test/input3.txt 154.4288 0
test/testcases/benchmarks/gcd/test/input4.txt 672.32 0
test/testcases/benchmarks/matmul1/test/input1.txt 1143.3216 0
test/testcases/benchmarks/matmul1/test/input2.txt 5185.776 0
test/testcases/benchmarks/matmul1/test/input3.txt 218642.992 2048
test/testcases/benchmarks/matmul2/test/input1.txt 986.9024 0
test/testcases/benchmarks/matmul2/test/input2.txt 4717.0752 0
test/testcases/benchmarks/matmul2/test/input3.txt 272655.0592 2048
test/testcases/benchmarks/matmul3/test/input1.txt 2277.848 0
test/testcases/benchmarks/matmul3/test/input2.txt 2277.848 0
test/testcases/benchmarks/matmul3/test/input3.txt 82733.1696 2048
test/testcases/benchmarks/matmul4/test/input1.txt 4827.7584 0
test/testcases/benchmarks/matmul4/test/input2.txt 4827.7584 0
test/testcases/benchmarks/matmul4/test/input3.txt 249132.216 2048
test/testcases/benchmarks/prime/test/input1.txt 36.0496 0
test/testcases/benchmarks/prime/test/input2.txt 2596.2288 32
test/testcases/benchmarks/prime/test/input3.txt 698120.472 6000
test/testcases/benchmarks/prime/test/input4.txt 2630663.0304 16432
test/testcases/benchmarks/rmq1d_naive/test/input1.txt 168.656 0
test/testcases/benchmarks/rmq1d_naive/test/input2.txt 1156.088 0
test/testcases/benchmarks/rmq1d_naive/test/input3.txt 1782.0576 0
test/testcases/benchmarks/rmq1d_naive/test/input4.txt 1840.0304 0
test/testcases/benchmarks/rmq1d_naive/test/input5.txt 773313.8256 0
test/testcases/benchmarks/rmq1d_naive/test/input6.txt 3712108.0112 0
test/testcases/benchmarks/rmq1d_naive/test/input7.txt 1570773695.2583 40000
test/testcases/benchmarks/rmq1d_sparsetable/test/input1.txt 1152.8432 8
test/testcases/benchmarks/rmq1d_sparsetable/test/input2.txt 10658.336 48
test/testcases/benchmarks/rmq1d_sparsetable/test/input3.txt 15773.512 48
test/testcases/benchmarks/rmq1d_sparsetable/test/input4.txt 11707.1152 120
test/testcases/benchmarks/rmq1d_sparsetable/test/input5.txt 941568.2144 2000
test/testcases/benchmarks/rmq1d_sparsetable/test/input6.txt 1168087.2352 14096
test/testcases/benchmarks/rmq1d_sparsetable/test/input7.txt 65129077.5844 494688
test/testcases/benchmarks/rmq2d_naive/test/input1.txt 258.6416 8
test/testcases/benchmarks/rmq2d_naive/test/input2.txt 1989.6496 16
test/testcases/benchmarks/rmq2d_naive/test/input3.txt 17915.0608 48
test/testcases/benchmarks/rmq2d_naive/test/input4.txt 13346.0528 320
test/testcases/benchmarks/rmq2d_naive/test/input5.txt 13731580.8704 48000
test/testcases/benchmarks/rmq2d_sparsetable/test/input1.txt 4303.0976 8
test/testcases/benchmarks/rmq2d_sparsetable/test/input2.txt 24271.8272 48
test/testcases/benchmarks/rmq2d_sparsetable/test/input3.txt 134109.56 168
test/testcases/benchmarks/rmq2d_sparsetable/test/input4.txt 85254.1072 2280
test/testcases/benchmarks/rmq2d_sparsetable/test/input5.txt 622378208.3317 1670936
